scenesss/launcher/build/intermediates/manifest_merge_blame_file/release/manifest-merger-blame-release-report.txt
1<?xml version="1.0" encoding="utf-8"?>
2<manifest xmlns:android="http://schemas.android.com/apk/res/android"
3    package="com.KatyN.MoonScene"
4    android:installLocation="auto"
5    android:versionCode="1"
6    android:versionName="0.1" >
7
8    <uses-sdk
9        android:minSdkVersion="29"
9-->src\main\AndroidManifest.xml
10        android:targetSdkVersion="34" />
10-->src\main\AndroidManifest.xml
11
12    <supports-screens
12-->src\main\AndroidManifest.xml:4:3-163
13        android:anyDensity="true"
13-->src\main\AndroidManifest.xml:4:135-160
14        android:largeScreens="true"
14-->src\main\AndroidManifest.xml:4:78-105
15        android:normalScreens="true"
15-->src\main\AndroidManifest.xml:4:49-77
16        android:smallScreens="true"
16-->src\main\AndroidManifest.xml:4:21-48
17        android:xlargeScreens="true" />
17-->src\main\AndroidManifest.xml:4:106-134
18
19    <uses-permission android:name="android.permission.INTERNET" />
19-->[:unityLibrary] AndroidManifest.xml:10:5-67
19-->[:unityLibrary] AndroidManifest.xml:10:22-64
20    <uses-permission android:name="android.permission.ACCESS_NETWORK_STATE" />
20-->[:unityLibrary] AndroidManifest.xml:11:5-79
20-->[:unityLibrary] AndroidManifest.xml:11:22-76
21    <uses-permission android:name="android.permission.RECORD_AUDIO" />
21-->[:unityLibrary] AndroidManifest.xml:12:5-71
21-->[:unityLibrary] AndroidManifest.xml:12:22-68
22    <uses-permission android:name="android.permission.MODIFY_AUDIO_SETTINGS" />
22-->[:unityLibrary] AndroidManifest.xml:13:5-80
22-->[:unityLibrary] AndroidManifest.xml:13:22-77
23
24    <uses-feature
24-->[:unityLibrary] AndroidManifest.xml:15:5-18:31
25        android:name="android.hardware.vr.headtracking"
25-->[:unityLibrary] AndroidManifest.xml:16:9-56
26        android:required="true"
26-->[:unityLibrary] AndroidManifest.xml:17:9-32
27        android:version="1" />
27-->[:unityLibrary] AndroidManifest.xml:18:9-28
28    <uses-feature
28-->[:unityLibrary] AndroidManifest.xml:19:5-21:35
29        android:name="android.hardware.vulkan.version"
29-->[:unityLibrary] AndroidManifest.xml:20:9-55
30        android:required="true" />
30-->[:unityLibrary] AndroidManifest.xml:21:9-32
31    <uses-feature
31-->[:unityLibrary] AndroidManifest.xml:22:5-24:36
32        android:name="android.hardware.microphone"
32-->[:unityLibrary] AndroidManifest.xml:23:9-51
33        android:required="false" />
33-->[:unityLibrary] AndroidManifest.xml:24:9-33
34    <uses-feature
34-->[:unityLibrary] AndroidManifest.xml:25:5-27:36
35        android:name="android.hardware.touchscreen"
35-->[:unityLibrary] AndroidManifest.xml:26:9-52
36        android:required="false" />
36-->[:unityLibrary] AndroidManifest.xml:27:9-33
37    <uses-feature
37-->[:unityLibrary] AndroidManifest.xml:28:5-30:36
38        android:name="android.hardware.touchscreen.multitouch"
38-->[:unityLibrary] AndroidManifest.xml:29:9-63
39        android:required="false" />
39-->[:unityLibrary] AndroidManifest.xml:30:9-33
40    <uses-feature
40-->[:unityLibrary] AndroidManifest.xml:31:5-33:36
41        android:name="android.hardware.touchscreen.multitouch.distinct"
41-->[:unityLibrary] AndroidManifest.xml:32:9-72
42        android:required="false" />
42-->[:unityLibrary] AndroidManifest.xml:33:9-33
43
44    <uses-permission android:name="com.google.android.gms.permission.AD_ID" />
44-->[:UnityAds:] AndroidManifest.xml:11:5-79
44-->[:UnityAds:] AndroidManifest.xml:11:22-76
45    <uses-permission android:name="com.android.vending.BILLING" />
45-->[:billing-5.2.1:] AndroidManifest.xml:10:5-67
45-->[:billing-5.2.1:] AndroidManifest.xml:10:22-64
46    <!--
47    This has been added to conform with requirement from Android 11 (API level 30) onwards
48    (http://screen/9iGdBMRWDmVbRJ6), after getting confirmation in http://yaqs/995038231927980032#a1
49    -->
50    <queries>
50-->[:billing-5.2.1:] AndroidManifest.xml:16:5-20:15
51        <intent>
51-->[:billing-5.2.1:] AndroidManifest.xml:17:9-19:18
52            <action android:name="com.android.vending.billing.InAppBillingService.BIND" />
52-->[:billing-5.2.1:] AndroidManifest.xml:18:13-91
52-->[:billing-5.2.1:] AndroidManifest.xml:18:21-88
53        </intent>
54    </queries>
55
56    <application
56-->src\main\AndroidManifest.xml:3:3-83
57        android:allowBackup="false"
57-->[:unityLibrary] AndroidManifest.xml:36:9-36
58        android:extractNativeLibs="true"
58-->[:unityLibrary] AndroidManifest.xml:37:9-41
59        android:icon="@mipmap/app_icon"
59-->src\main\AndroidManifest.xml:3:49-80
60        android:label="@string/app_name"
60-->src\main\AndroidManifest.xml:3:16-48
61        android:networkSecurityConfig="@xml/network_sec_config" >
61-->[:unityLibrary] AndroidManifest.xml:40:9-64
62        <meta-data
62-->[:unityLibrary] AndroidManifest.xml:41:9-43:37
63            android:name="unityplayer.SkipPermissionsDialog"
63-->[:unityLibrary] AndroidManifest.xml:42:13-61
64            android:value="false" />
64-->[:unityLibrary] AndroidManifest.xml:43:13-34
65        <meta-data
65-->[:unityLibrary] AndroidManifest.xml:44:9-46:39
66            android:name="com.samsung.android.vr.application.mode"
66-->[:unityLibrary] AndroidManifest.xml:45:13-67
67            android:value="vr_only" />
67-->[:unityLibrary] AndroidManifest.xml:46:13-36
68        <meta-data
68-->[:unityLibrary] AndroidManifest.xml:47:9-49:47
69            android:name="com.oculus.supportedDevices"
69-->[:unityLibrary] AndroidManifest.xml:48:13-55
70            android:value="quest2|questpro" />
70-->[:unityLibrary] AndroidManifest.xml:49:13-44
71        <meta-data
71-->[:unityLibrary] AndroidManifest.xml:50:9-52:33
72            android:name="unity.splash-mode"
72-->[:unityLibrary] AndroidManifest.xml:51:13-45
73            android:value="0" />
73-->[:unityLibrary] AndroidManifest.xml:52:13-30
74        <meta-data
74-->[:unityLibrary] AndroidManifest.xml:53:9-55:36
75            android:name="unity.splash-enable"
75-->[:unityLibrary] AndroidManifest.xml:54:13-47
76            android:value="True" />
76-->[:unityLibrary] AndroidManifest.xml:55:13-33
77        <meta-data
77-->[:unityLibrary] AndroidManifest.xml:56:9-58:36
78            android:name="unity.launch-fullscreen"
78-->[:unityLibrary] AndroidManifest.xml:57:13-51
79            android:value="True" />
79-->[:unityLibrary] AndroidManifest.xml:58:13-33
80        <meta-data
80-->[:unityLibrary] AndroidManifest.xml:59:9-61:36
81            android:name="unity.render-outside-safearea"
81-->[:unityLibrary] AndroidManifest.xml:60:13-57
82            android:value="True" />
82-->[:unityLibrary] AndroidManifest.xml:61:13-33
83        <meta-data
83-->[:unityLibrary] AndroidManifest.xml:62:9-64:50
84            android:name="notch.config"
84-->[:unityLibrary] AndroidManifest.xml:63:13-40
85            android:value="portrait|landscape" />
85-->[:unityLibrary] AndroidManifest.xml:64:13-47
86        <meta-data
86-->[:unityLibrary] AndroidManifest.xml:65:9-67:36
87            android:name="unity.auto-report-fully-drawn"
87-->[:unityLibrary] AndroidManifest.xml:66:13-57
88            android:value="true" />
88-->[:unityLibrary] AndroidManifest.xml:67:13-33
89
90        <activity
90-->[:unityLibrary] AndroidManifest.xml:69:9-92:20
91            android:name="com.unity3d.player.UnityPlayerActivity"
91-->[:unityLibrary] AndroidManifest.xml:70:13-66
92            android:configChanges="keyboard|keyboardHidden|navigation|orientation|screenLayout|screenSize|uiMode|density"
92-->[:unityLibrary] AndroidManifest.xml:71:13-122
93            android:excludeFromRecents="true"
93-->[:unityLibrary] AndroidManifest.xml:72:13-46
94            android:exported="true"
94-->[:unityLibrary] AndroidManifest.xml:73:13-36
95            android:hardwareAccelerated="false"
95-->[:unityLibrary] AndroidManifest.xml:74:13-48
96            android:launchMode="singleTask"
96-->[:unityLibrary] AndroidManifest.xml:75:13-44
97            android:resizeableActivity="false"
97-->[:unityLibrary] AndroidManifest.xml:76:13-47
98            android:screenOrientation="landscape"
98-->[:unityLibrary] AndroidManifest.xml:77:13-50
99            android:theme="@android:style/Theme.Black.NoTitleBar.Fullscreen" >
99-->[:unityLibrary] AndroidManifest.xml:78:13-77
100            <intent-filter>
100-->[:unityLibrary] AndroidManifest.xml:79:13-84:29
101                <category android:name="android.intent.category.LAUNCHER" />
101-->[:unityLibrary] AndroidManifest.xml:80:17-77
101-->[:unityLibrary] AndroidManifest.xml:80:27-74
102                <category android:name="com.oculus.intent.category.VR" />
102-->[:unityLibrary] AndroidManifest.xml:81:17-74
102-->[:unityLibrary] AndroidManifest.xml:81:27-71
103
104                <action android:name="android.intent.action.MAIN" />
104-->[:unityLibrary] AndroidManifest.xml:83:17-69
104-->[:unityLibrary] AndroidManifest.xml:83:25-66
105            </intent-filter>
106
107            <meta-data
107-->[:unityLibrary] AndroidManifest.xml:86:13-88:40
108                android:name="com.oculus.vr.focusaware"
108-->[:unityLibrary] AndroidManifest.xml:87:17-56
109                android:value="true" />
109-->[:unityLibrary] AndroidManifest.xml:88:17-37
110            <meta-data
110-->[:unityLibrary] AndroidManifest.xml:89:13-91:40
111                android:name="notch_support"
111-->[:unityLibrary] AndroidManifest.xml:90:17-45
112                android:value="true" />
112-->[:unityLibrary] AndroidManifest.xml:91:17-37
113        </activity>
114
115        <meta-data
115-->[:unityLibrary] AndroidManifest.xml:94:9-96:37
116            android:name="com.unity.xr.oculus.LowOverheadMode"
116-->[:unityLibrary] AndroidManifest.xml:95:13-63
117            android:value="false" />
117-->[:unityLibrary] AndroidManifest.xml:96:13-34
118        <meta-data
118-->[:unityLibrary] AndroidManifest.xml:97:9-99:37
119            android:name="com.unity.xr.oculus.LateLatching"
119-->[:unityLibrary] AndroidManifest.xml:98:13-60
120            android:value="false" />
120-->[:unityLibrary] AndroidManifest.xml:99:13-34
121        <meta-data
121-->[:unityLibrary] AndroidManifest.xml:100:9-102:37
122            android:name="com.unity.xr.oculus.LateLatchingDebug"
122-->[:unityLibrary] AndroidManifest.xml:101:13-65
123            android:value="false" />
123-->[:unityLibrary] AndroidManifest.xml:102:13-34
124
125        <activity
125-->[:UnityAds:] AndroidManifest.xml:14:9-18:74
126            android:name="com.unity3d.services.ads.adunit.AdUnitActivity"
126-->[:UnityAds:] AndroidManifest.xml:15:13-74
127            android:configChanges="fontScale|keyboard|keyboardHidden|locale|mnc|mcc|navigation|orientation|screenLayout|screenSize|smallestScreenSize|uiMode|touchscreen"
127-->[:UnityAds:] AndroidManifest.xml:16:13-170
128            android:hardwareAccelerated="true"
128-->[:UnityAds:] AndroidManifest.xml:17:13-47
129            android:theme="@android:style/Theme.NoTitleBar.Fullscreen" />
129-->[:UnityAds:] AndroidManifest.xml:18:13-71
130        <activity
130-->[:UnityAds:] AndroidManifest.xml:19:9-23:86
131            android:name="com.unity3d.services.ads.adunit.AdUnitTransparentActivity"
131-->[:UnityAds:] AndroidManifest.xml:20:13-85
132            android:configChanges="fontScale|keyboard|keyboardHidden|locale|mnc|mcc|navigation|orientation|screenLayout|screenSize|smallestScreenSize|uiMode|touchscreen"
132-->[:UnityAds:] AndroidManifest.xml:21:13-170
133            android:hardwareAccelerated="true"
133-->[:UnityAds:] AndroidManifest.xml:22:13-47
134            android:theme="@android:style/Theme.Translucent.NoTitleBar.Fullscreen" />
134-->[:UnityAds:] AndroidManifest.xml:23:13-83
135        <activity
135-->[:UnityAds:] AndroidManifest.xml:24:9-28:86
136            android:name="com.unity3d.services.ads.adunit.AdUnitTransparentSoftwareActivity"
136-->[:UnityAds:] AndroidManifest.xml:25:13-93
137            android:configChanges="fontScale|keyboard|keyboardHidden|locale|mnc|mcc|navigation|orientation|screenLayout|screenSize|smallestScreenSize|uiMode|touchscreen"
137-->[:UnityAds:] AndroidManifest.xml:26:13-170
138            android:hardwareAccelerated="false"
138-->[:UnityAds:] AndroidManifest.xml:27:13-48
139            android:theme="@android:style/Theme.Translucent.NoTitleBar.Fullscreen" />
139-->[:UnityAds:] AndroidManifest.xml:28:13-83
140        <activity
140-->[:UnityAds:] AndroidManifest.xml:29:9-33:74
141            android:name="com.unity3d.services.ads.adunit.AdUnitSoftwareActivity"
141-->[:UnityAds:] AndroidManifest.xml:30:13-82
142            android:configChanges="fontScale|keyboard|keyboardHidden|locale|mnc|mcc|navigation|orientation|screenLayout|screenSize|smallestScreenSize|uiMode|touchscreen"
142-->[:UnityAds:] AndroidManifest.xml:31:13-170
143            android:hardwareAccelerated="false"
143-->[:UnityAds:] AndroidManifest.xml:32:13-48
144            android:theme="@android:style/Theme.NoTitleBar.Fullscreen" />
144-->[:UnityAds:] AndroidManifest.xml:33:13-71
145
146        <meta-data
146-->[:billing-5.2.1:] AndroidManifest.xml:23:9-25:37
147            android:name="com.google.android.play.billingclient.version"
147-->[:billing-5.2.1:] AndroidManifest.xml:24:13-73
148            android:value="5.2.1" />
148-->[:billing-5.2.1:] AndroidManifest.xml:25:13-34
149
150        <activity
150-->[:billing-5.2.1:] AndroidManifest.xml:27:9-31:75
151            android:name="com.android.billingclient.api.ProxyBillingActivity"
151-->[:billing-5.2.1:] AndroidManifest.xml:28:13-78
152            android:configChanges="keyboard|keyboardHidden|screenLayout|screenSize|orientation"
152-->[:billing-5.2.1:] AndroidManifest.xml:29:13-96
153            android:exported="false"
153-->[:billing-5.2.1:] AndroidManifest.xml:30:13-37
154            android:theme="@android:style/Theme.Translucent.NoTitleBar" />
154-->[:billing-5.2.1:] AndroidManifest.xml:31:13-72
155    </application>
156
157</manifest>